scripts/TS1_Archived_201904.tsv
PI name:Shikhar Sharma (Pfizer, La Jolla) can not parse!
Research name:Hui Wang (Pfizer La Jolla) can not parse!
PI name:Shikhar Sharma (Pfizer, La Jolla) can not parse!
Research name:Hui Wang (Pfizer La Jolla) can not parse!
PI name:Shikhar Sharma (Pfizer, La Jolla) can not parse!
Research name:Hui Wang (Pfizer La Jolla) can not parse!
PI name:Shikhar Sharma (Pfizer, La Jolla) can not parse!
Research name:Hui Wang (Pfizer La Jolla) can not parse!
PI name:Shikhar Sharma (Pfizer, La Jolla) can not parse!
Research name:Hui Wang (Pfizer La Jolla) can not parse!
PI name:Shikhar Sharma (Pfizer, La Jolla) can not parse!
Research name:Hui Wang (Pfizer La Jolla) can not parse!
PI name:Shikhar Sharma (Pfizer, La Jolla) can not parse!
Research name:Hui Wang (Pfizer La Jolla) can not parse!
PI name:Shikhar Sharma (Pfizer, La Jolla) can not parse!
Research name:Hui Wang (Pfizer La Jolla) can not parse!
PI name:Shikhar Sharma (Pfizer, La Jolla) can not parse!
Research name:Hui Wang (Pfizer La Jolla) can not parse!
PI name:Shikhar Sharma (Pfizer, La Jolla) can not parse!
Research name:Hui Wang (Pfizer La Jolla) can not parse!
PI name:Shikhar Sharma (Pfizer, La Jolla) can not parse!
Research name:Hui Wang (Pfizer La Jolla) can not parse!
PI name:Shikhar Sharma (Pfizer, La Jolla) can not parse!
Research name:Hui Wang (Pfizer La Jolla) can not parse!
scripts/TS1_Active_201904.tsv
Fiscal name:CIRM-CESCG Grant (Cesar Barragan, Joe Ecker lab) can not parse!
Fiscal name:CIRM-CESCG Grant (Cesar Barragan, Joe Ecker lab) can not parse!
Fiscal name:CIRM-CESCG Grant (Cesar Barragan, Joe Ecker lab) can not parse!
Fiscal name:CIRM-CESCG Grant (Cesar Barragan, Joe Ecker lab) can not parse!
Fiscal name:CIRM-CESCG Grant (Cesar Barragan, Joe Ecker lab) can not parse!
Fiscal name:CIRM-CESCG Grant (Cesar Barragan, Joe Ecker lab) can not parse!
Fiscal name:CIRM-CESCG Grant (Cesar Barragan, Joe Ecker lab) can not parse!
Fiscal name:CIRM-CESCG Grant (Cesar Barragan, Joe Ecker lab) can not parse!
Fiscal name:CIRM-CESCG Grant (Cesar Barragan, Joe Ecker lab) can not parse!
Fiscal name:CIRM-CESCG Grant (Cesar Barragan, Joe Ecker lab) can not parse!
Fiscal name:CIRM-CESCG Grant (Cesar Barragan, Joe Ecker lab) can not parse!
Fiscal name:CIRM-CESCG Grant (Cesar Barragan, Joe Ecker lab) can not parse!
Fiscal name:CIRM-CESCG Grant (Cesar Barragan, Joe Ecker lab) can not parse!
Fiscal name:CIRM-CESCG Grant (Cesar Barragan, Joe Ecker lab) can not parse!
Fiscal name:CIRM-CESCG Grant (Cesar Barragan, Joe Ecker lab) can not parse!
Fiscal name:CIRM-CESCG Grant (Cesar Barragan, Joe Ecker lab) can not parse!
Fiscal name:CIRM-CESCG Grant (Cesar Barragan, Joe Ecker lab) can not parse!
Fiscal name:CIRM-CESCG Grant (Cesar Barragan, Joe Ecker lab) can not parse!
Fiscal name:CIRM-CESCG Grant (Cesar Barragan, Joe Ecker lab) can not parse!
Nina Hwynn duplicate!(in different group).Please correct it because the username should be unique
Adam Burgoyne vs Joseph Califano

